基于4.1.1-dev修改的文件：

1.Lang:
1)lang文件夹以及include/lang.inc.php
2)3个剩余语言文件除了英文 Line 34~35 INSIDE
{
	'Logout and return to the Tieba Signer' => '登出並返回簽到助手',
    'Or return to Tieba Signer' => '或是返回簽到助手',
}//不同语言翻译不同

2.Drivers:drivers文件夹以及include/driver.inc.php

3.登陆认证:
1)include/function.inc.php Line 277~278 INSIDE
{
    include "../../system/config.inc.php";
    if ($_GET['server']==($_config['db']['server'].":".$_config['db']['port']))
	    return $_config['db']['password'];
}
2)index.php Line 1~2 INSIDE
{
/** Modified by FSGM-Howard@IXLAB START **/
require_once("../../system/config.inc.php"); 
require_once("../../system/common.inc.php");  
require_once("../../system/class/core.php");
if ($uid!=1&($_GET['server']==($_config['db']['server'].":".$_config['db']['port']))) exit("Access Denied");
/** Modified by FSGM-Howard@IXLAB END **/
}

4.登出
1)include/design.inc.php Line 120~121 INSIDE
{
<input type="button" name="logout_and_return" value="<?php echo lang('Logout and return to the Tieba Signer'); ?>" id="logout_and_return" onclick="window.location.href='../../'">
}
2)include/auth.inc.php Line 139 改为
{
	page_header(lang('Login'), $error, null, "<a href='../../'>".lang('Or return to Tieba Signer')."</a>");
}